|Log backup da diretoria ../Source_t |
---------------------------------------------------------------------------------------------------
[17:43:50] - mkdir -p ../backup_fs2
[17:43:50] - [WARNING] Ficheiro/Diretoria ../Source_t/file1.txt ignorado, não repseita expressão regex .sh
[17:43:50] - [WARNING] Ficheiro/Diretoria ../Source_t/file2.txt ignorado, não repseita expressão regex .sh
[17:43:50] - cp -a ../Source_t/teste.sh ../backup_fs2
[17:43:50] - [WARNING] Ficheiro/Diretoria ../Source_t/.hidden_file1 ignorado, não repseita expressão regex .sh
[17:43:50] - [WARNING] Ficheiro/Diretoria ../Source_t/.hidden_file2 ignorado, não repseita expressão regex .sh
[17:43:50] - [WARNING] --> Ficheiro ../Source_t/.pasta_h ignorado, pois consta no array de nomes para ignorar!
[17:43:50] - mkdir -p ../backup_fs2/dir1
[17:43:50] - backup ../Source_t/dir1 ../backup_fs2/dir1
[17:43:50] - [WARNING] Ficheiro/Diretoria ../Source_t/dir1/file3.txt ignorado, não repseita expressão regex .sh
[17:43:50] - [WARNING] Ficheiro/Diretoria ../Source_t/dir1/file4.txt ignorado, não repseita expressão regex .sh
[17:43:50] - [WARNING] Ficheiro/Diretoria ../Source_t/dir1/.hidden_file3 ignorado, não repseita expressão regex .sh
[17:43:50] - [WARNING] Ficheiro/Diretoria ../Source_t/dir1/.hidden_file4 ignorado, não repseita expressão regex .sh
[17:43:50] - mkdir -p ../backup_fs2/dir1/subdir1
[17:43:50] - backup ../Source_t/dir1/subdir1 ../backup_fs2/dir1/subdir1
[17:43:50] - [WARNING] Ficheiro/Diretoria ../Source_t/dir1/subdir1/file6.txt ignorado, não repseita expressão regex .sh
[17:43:50] - [WARNING] Ficheiro/Diretoria ../Source_t/dir1/subdir1/.hidden_file6 ignorado, não repseita expressão regex .sh
[17:43:50] - mkdir -p ../backup_fs2/dir1/subdir2
[17:43:50] - backup ../Source_t/dir1/subdir2 ../backup_fs2/dir1/subdir2
[17:43:50] - [WARNING] Ficheiro/Diretoria ../Source_t/dir1/subdir2/file7.txt ignorado, não repseita expressão regex .sh
[17:43:50] - [WARNING] Ficheiro/Diretoria ../Source_t/dir1/subdir2/.hidden_file7 ignorado, não repseita expressão regex .sh
[17:43:50] - mkdir -p ../backup_fs2/dir2
[17:43:50] - backup ../Source_t/dir2 ../backup_fs2/dir2
[17:43:50] - mkdir -p ../backup_fs2/dir2/subdir3
[17:43:50] - backup ../Source_t/dir2/subdir3 ../backup_fs2/dir2/subdir3
[17:43:50] - [WARNING] Ficheiro/Diretoria ../Source_t/dir2/subdir3/file8.txt ignorado, não repseita expressão regex .sh
[17:43:50] - [WARNING] Ficheiro/Diretoria ../Source_t/dir2/subdir3/.hidden_file8 ignorado, não repseita expressão regex .sh
[17:43:50] - mkdir -p ../backup_fs2/dir2/subdir4
[17:43:50] - backup ../Source_t/dir2/subdir4 ../backup_fs2/dir2/subdir4
[17:43:50] - [WARNING] Ficheiro/Diretoria ../Source_t/dir2/subdir4/file9.txt ignorado, não repseita expressão regex .sh
[17:43:50] - [WARNING] Ficheiro/Diretoria ../Source_t/dir2/subdir4/.hidden_file9 ignorado, não repseita expressão regex .sh
[17:43:50] - mkdir -p ../backup_fs2/.hidden_dir1
[17:43:50] - backup ../Source_t/.hidden_dir1 ../backup_fs2/.hidden_dir1
[17:43:50] - [WARNING] Ficheiro/Diretoria ../Source_t/.hidden_dir1/file5.txt ignorado, não repseita expressão regex .sh
[17:43:50] - [WARNING] Ficheiro/Diretoria ../Source_t/.hidden_dir1/.hidden_file5 ignorado, não repseita expressão regex .sh
[17:43:50] - mkdir -p ../backup_fs2/.hidden_dir2
[17:43:50] - backup ../Source_t/.hidden_dir2 ../backup_fs2/.hidden_dir2
[17:43:50] - [WARNING] --> Diretoria ../Source_t/.hidden_dir2/.* ignorado, pois consta no array de nomes para ignorar!
-------------------------------------------------
Backup Summary: 0 Errors; 19 Warnings; 0 Updated; 1 Copied (1388 B); 0 Deleted (0 B)
-------------------------------------------------
