|Log backup da diretoria ../Source_t |
---------------------------------------------------------------------------------------------------
[17:45:13] - cp -a ../Source_t/file1.txt ../backup_fs2
[17:45:13] - cp -a ../Source_t/file2.txt ../backup_fs2
[17:45:13] - [../backup_fs2/teste.sh Não substituído]
[17:45:13] - cp -a ../Source_t/.hidden_file1 ../backup_fs2
[17:45:13] - cp -a ../Source_t/.hidden_file2 ../backup_fs2
[17:45:13] - backup ../Source_t/dir1 ../backup_fs2/dir1
[17:45:13] - cp -a ../Source_t/dir1/file3.txt ../backup_fs2/dir1
[17:45:13] - cp -a ../Source_t/dir1/file4.txt ../backup_fs2/dir1
[17:45:13] - cp -a ../Source_t/dir1/.hidden_file3 ../backup_fs2/dir1
[17:45:13] - cp -a ../Source_t/dir1/.hidden_file4 ../backup_fs2/dir1
[17:45:13] - backup ../Source_t/dir1/subdir1 ../backup_fs2/dir1/subdir1
[17:45:13] - cp -a ../Source_t/dir1/subdir1/file6.txt ../backup_fs2/dir1/subdir1
[17:45:13] - cp -a ../Source_t/dir1/subdir1/.hidden_file6 ../backup_fs2/dir1/subdir1
[17:45:13] - backup ../Source_t/dir1/subdir2 ../backup_fs2/dir1/subdir2
[17:45:13] - cp -a ../Source_t/dir1/subdir2/file7.txt ../backup_fs2/dir1/subdir2
[17:45:13] - cp -a ../Source_t/dir1/subdir2/.hidden_file7 ../backup_fs2/dir1/subdir2
[17:45:13] - backup ../Source_t/dir2 ../backup_fs2/dir2
[17:45:13] - backup ../Source_t/dir2/subdir3 ../backup_fs2/dir2/subdir3
[17:45:13] - cp -a ../Source_t/dir2/subdir3/file8.txt ../backup_fs2/dir2/subdir3
[17:45:13] - cp -a ../Source_t/dir2/subdir3/.hidden_file8 ../backup_fs2/dir2/subdir3
[17:45:13] - backup ../Source_t/dir2/subdir4 ../backup_fs2/dir2/subdir4
[17:45:13] - cp -a ../Source_t/dir2/subdir4/file9.txt ../backup_fs2/dir2/subdir4
[17:45:13] - cp -a ../Source_t/dir2/subdir4/.hidden_file9 ../backup_fs2/dir2/subdir4
[17:45:13] - backup ../Source_t/.hidden_dir1 ../backup_fs2/.hidden_dir1
[17:45:13] - cp -a ../Source_t/.hidden_dir1/file5.txt ../backup_fs2/.hidden_dir1
[17:45:13] - cp -a ../Source_t/.hidden_dir1/.hidden_file5 ../backup_fs2/.hidden_dir1
[17:45:13] - backup ../Source_t/.hidden_dir2 ../backup_fs2/.hidden_dir2
[17:45:13] - mkdir -p ../backup_fs2/.pasta_h
[17:45:13] - backup ../Source_t/.pasta_h ../backup_fs2/.pasta_h
-------------------------------------------------
Backup Summary: 0 Errors; 1 Warnings; 0 Updated; 18 Copied (708 B); 0 Deleted (0 B)
-------------------------------------------------
